1 2 6055 187 274
2 3 6055 169 256
3 4 6055 151 238
4 4 6055 141 228
5 5 6055 123 210
6 7 6055 117 202
7 7 7055 87 172
8 7 8055 78 160
9 7 9055 69 148
10 7 10055 60 136
11 7 11055 51 124
12 7 12055 24 97
13 5 12055 6 79
14 6 12055 0 71
14 6 6385 229 240
15 5 6385 211 222
16 5 6385 201 212
17 7 6385 183 194
18 7 7385 156 167
19 7 8385 126 137
20 7 9385 117 125
21 7 10385 108 113
22 7 11385 81 86
23 7 12385 72 74
24 7 13385 42 44
25 8 13385 24 26
26 9 13385 6 8
27 10 13385 0 0
1 2 6420 214 224
2 3 6420 196 206
3 4 6420 178 188
4 4 6420 168 178
5 5 6420 162 170
6 7 6420 144 152
7 7 7420 135 140
8 7 8420 108 113
9 7 9420 81 86
10 7 10420 72 74
11 7 11420 42 44
12 8 11420 24 26
13 9 11420 18 18
14 10 11420 0 0
1 2 5880 170 300
2 3 5880 152 282
3 4 5880 146 274
4 5 5880 128 256
5 6 5880 110 238
5 6 4830 215 238
6 5 4830 209 230
7 7 4830 191 212
8 7 5830 182 200
9 7 5830 172 190
10 7 6830 145 163
11 7 7830 136 151
12 7 8830 127 139
13 7 9830 100 112
14 7 10830 73 85
15 7 11830 64 73
16 7 12830 37 46
17 7 12830 27 36
18 7 13830 18 24
19 8 13830 12 16
20 9 13830 6 8
21 10 13830 0 0
1 2 5410 134 381
2 2 5410 124 371
3 3 5410 106 353
4 4 5410 88 335
5 5 5410 70 317
6 6 5410 64 309
7 6 5410 54 299
8 6 5410 44 289
8 6 3780 207 289
9 5 3780 189 271
10 7 3780 183 263
11 7 4780 174 251
12 7 5780 147 224
13 7 6780 120 197
14 7 7780 93 170
15 7 8780 63 140
16 7 9780 36 113
17 5 9780 18 95
18 6 9780 0 77
18 6 4690 213 225
19 5 4690 207 217
20 7 4690 189 199
21 7 5690 162 172
22 7 6690 132 142
23 7 7690 123 130
24 7 8690 96 103
25 7 9690 87 91
26 7 10690 57 61
27 7 11690 30 34
28 8 11690 12 16
29 9 11690 6 8
30 10 11690 0 0
1 2 5790 160 314
2 3 5790 142 296
3 3 5790 132 286
4 3 5790 122 276
5 4 5790 104 258
6 5 5790 86 240
7 6 5790 80 232
7 6 4370 222 232
8 5 4370 216 224
9 7 4370 198 206
10 7 5370 189 194
11 7 6370 162 167
12 7 7370 132 137
13 7 8370 105 110
14 7 9370 78 83
15 7 10370 69 71
16 7 11370 42 44
17 8 11370 24 26
18 9 11370 18 18
19 10 11370 0 0
