1 2 5555 137 349
2 3 5555 131 341
3 3 5555 121 331
4 3 5555 111 321
5 4 5555 93 303
6 5 5555 87 295
7 7 5555 81 287
8 7 6555 54 260
9 7 7555 24 230
10 5 7555 6 212
11 6 7555 0 204
11 6 4615 226 238
12 5 4615 220 230
13 7 4615 202 212
14 7 5615 172 182
15 7 6615 142 152
16 7 7615 115 125
17 7 8615 106 113
18 7 9615 76 83
19 7 10615 49 56
20 7 10615 39 46
21 7 11615 30 34
22 8 11615 24 26
23 9 11615 6 8
24 10 11615 0 0
1 2 5995 181 283
2 2 5995 171 273
3 3 5995 153 255
4 4 5995 147 247
5 5 5995 129 229
6 7 5995 111 211
7 7 6995 102 199
8 7 7995 93 187
9 7 8995 63 157
10 7 9995 36 130
11 5 9995 18 112
12 6 9995 0 94
12 6 4695 234 242
13 5 4695 228 234
14 7 4695 210 216
15 7 5695 183 189
16 7 6695 156 162
17 7 7695 147 150
18 7 8695 120 123
19 7 9695 93 96
20 7 10695 63 66
21 7 11695 54 54
22 8 11695 36 36
23 9 11695 18 18
24 10 11695 0 0
1 2 5935 187 302
2 2 5935 177 292
3 3 5935 159 274
4 3 5935 149 264
5 4 5935 143 256
6 5 5935 137 248
7 6 5935 119 230
7 6 4895 223 230
8 6 4895 213 220
9 5 4895 207 212
10 7 4895 189 194
11 7 5895 162 167
12 7 6895 135 140
13 7 7895 126 128
14 7 8895 99 101
15 7 9895 69 71
16 7 10895 42 44
17 8 10895 24 26
18 9 10895 18 18
19 10 10895 0 0
1 2 5560 138 348
2 3 5560 120 330
3 4 5560 114 322
4 5 5560 108 314
5 5 5560 98 304
6 7 5560 80 286
7 7 6560 71 274
8 7 7560 41 244
9 5 7560 23 226
10 6 7560 5 208
10 6 5590 202 208
11 5 5590 184 190
12 5 5590 174 180
13 7 5590 156 162
14 7 6590 129 135
15 7 7590 102 108
16 7 8590 72 78
17 7 9590 63 66
18 7 10590 54 54
19 8 10590 36 36
20 9 10590 18 18
21 10 10590 0 0
1 2 6200 202 252
2 3 6200 196 244
3 3 6200 186 234
4 4 6200 180 226
5 5 6200 162 208
6 7 6200 144 190
7 7 7200 117 163
8 7 8200 108 151
9 7 9200 99 139
10 7 10200 72 112
11 7 11200 42 82
12 7 12200 12 52
13 5 12200 6 44
14 6 12200 0 36
14 6 6020 216 237
15 5 6020 198 219
16 7 6020 192 211
17 7 7020 183 199
18 7 8020 153 169
19 7 9020 144 157
20 7 10020 135 145
21 7 11020 108 118
22 7 12020 99 106
23 7 13020 69 76
24 7 14020 39 46
25 7 15020 30 34
26 8 15020 12 16
27 9 15020 6 8
28 10 15020 0 0
