1 2 5300 114 393
2 3 5300 98 381
3 4 5300 88 367
4 4 5300 78 357
5 5 5300 68 343
6 13 5300 52 331
7 13 5300 42 321
8 22 5300 32 307
9 30 5300 16 295
10 39 5300 0 283
10 39 3410 189 283
11 39 3410 179 273
12 30 3410 163 261
13 30 4410 148 240
14 30 5410 124 222
15 30 6410 100 204
16 30 7410 76 186
17 30 8410 46 156
18 30 9410 16 126
19 39 9410 0 114
19 39 5730 196 200
20 47 5730 180 188
21 55 5730 170 174
22 55 6730 155 153
23 55 7730 131 135
24 55 8730 116 114
25 55 9730 86 84
26 55 10730 62 66
27 55 11730 47 45
28 55 12730 32 24
29 56 12730 16 12
30 64 12730 0 0
